2019-10-31 12:39:46,724 ERROR: Exception on / [GET] [in c:\users\cbeni\appdata\roaming\spb_data\example\flask-microblog\env\lib\site-packages\flask\app.py:1891]
Traceback (most recent call last):
  File "c:\users\cbeni\appdata\roaming\spb_data\example\flask-microblog\env\lib\site-packages\flask\app.py", line 2446, in wsgi_app
    response = self.full_dispatch_request()
  File "c:\users\cbeni\appdata\roaming\spb_data\example\flask-microblog\env\lib\site-packages\flask\app.py", line 1951, in full_dispatch_request
    rv = self.handle_user_exception(e)
  File "c:\users\cbeni\appdata\roaming\spb_data\example\flask-microblog\env\lib\site-packages\flask\app.py", line 1820, in handle_user_exception
    reraise(exc_type, exc_value, tb)
  File "c:\users\cbeni\appdata\roaming\spb_data\example\flask-microblog\env\lib\site-packages\flask\_compat.py", line 39, in reraise
    raise value
  File "c:\users\cbeni\appdata\roaming\spb_data\example\flask-microblog\env\lib\site-packages\flask\app.py", line 1949, in full_dispatch_request
    rv = self.dispatch_request()
  File "c:\users\cbeni\appdata\roaming\spb_data\example\flask-microblog\env\lib\site-packages\flask\app.py", line 1935, in dispatch_request
    return self.view_functions[rule.endpoint](**req.view_args)
  File "c:\users\cbeni\appdata\roaming\spb_data\example\flask-microblog\env\lib\site-packages\flask_login\utils.py", line 261, in decorated_view
    return func(*args, **kwargs)
  File "C:\Users\cbeni\AppData\Roaming\SPB_Data\example\flask-microblog\app\routes.py", line 20, in index
    posts = current_user.followed_posts.query.all()
AttributeError: 'function' object has no attribute 'query'
2019-10-31 12:43:02,706 INFO: Microblog startup [in C:\Users\cbeni\AppData\Roaming\SPB_Data\example\flask-microblog\app\__init__.py:42]
2019-10-31 12:43:15,166 ERROR: Exception on / [GET] [in c:\users\cbeni\appdata\roaming\spb_data\example\flask-microblog\env\lib\site-packages\flask\app.py:1891]
Traceback (most recent call last):
  File "c:\users\cbeni\appdata\roaming\spb_data\example\flask-microblog\env\lib\site-packages\flask\app.py", line 2446, in wsgi_app
    response = self.full_dispatch_request()
  File "c:\users\cbeni\appdata\roaming\spb_data\example\flask-microblog\env\lib\site-packages\flask\app.py", line 1951, in full_dispatch_request
    rv = self.handle_user_exception(e)
  File "c:\users\cbeni\appdata\roaming\spb_data\example\flask-microblog\env\lib\site-packages\flask\app.py", line 1820, in handle_user_exception
    reraise(exc_type, exc_value, tb)
  File "c:\users\cbeni\appdata\roaming\spb_data\example\flask-microblog\env\lib\site-packages\flask\_compat.py", line 39, in reraise
    raise value
  File "c:\users\cbeni\appdata\roaming\spb_data\example\flask-microblog\env\lib\site-packages\flask\app.py", line 1949, in full_dispatch_request
    rv = self.dispatch_request()
  File "c:\users\cbeni\appdata\roaming\spb_data\example\flask-microblog\env\lib\site-packages\flask\app.py", line 1935, in dispatch_request
    return self.view_functions[rule.endpoint](**req.view_args)
  File "c:\users\cbeni\appdata\roaming\spb_data\example\flask-microblog\env\lib\site-packages\flask_login\utils.py", line 261, in decorated_view
    return func(*args, **kwargs)
  File "C:\Users\cbeni\AppData\Roaming\SPB_Data\example\flask-microblog\app\routes.py", line 20, in index
    posts = current_user.followed_posts.query.all()
AttributeError: 'function' object has no attribute 'query'
2019-10-31 12:43:38,800 INFO: Microblog startup [in C:\Users\cbeni\AppData\Roaming\SPB_Data\example\flask-microblog\app\__init__.py:42]
2019-10-31 12:43:39,164 ERROR: Exception on / [GET] [in c:\users\cbeni\appdata\roaming\spb_data\example\flask-microblog\env\lib\site-packages\flask\app.py:1891]
Traceback (most recent call last):
  File "c:\users\cbeni\appdata\roaming\spb_data\example\flask-microblog\env\lib\site-packages\flask\app.py", line 2446, in wsgi_app
    response = self.full_dispatch_request()
  File "c:\users\cbeni\appdata\roaming\spb_data\example\flask-microblog\env\lib\site-packages\flask\app.py", line 1951, in full_dispatch_request
    rv = self.handle_user_exception(e)
  File "c:\users\cbeni\appdata\roaming\spb_data\example\flask-microblog\env\lib\site-packages\flask\app.py", line 1820, in handle_user_exception
    reraise(exc_type, exc_value, tb)
  File "c:\users\cbeni\appdata\roaming\spb_data\example\flask-microblog\env\lib\site-packages\flask\_compat.py", line 39, in reraise
    raise value
  File "c:\users\cbeni\appdata\roaming\spb_data\example\flask-microblog\env\lib\site-packages\flask\app.py", line 1949, in full_dispatch_request
    rv = self.dispatch_request()
  File "c:\users\cbeni\appdata\roaming\spb_data\example\flask-microblog\env\lib\site-packages\flask\app.py", line 1935, in dispatch_request
    return self.view_functions[rule.endpoint](**req.view_args)
  File "c:\users\cbeni\appdata\roaming\spb_data\example\flask-microblog\env\lib\site-packages\flask_login\utils.py", line 261, in decorated_view
    return func(*args, **kwargs)
  File "C:\Users\cbeni\AppData\Roaming\SPB_Data\example\flask-microblog\app\routes.py", line 20, in index
    posts = current_user.followed_posts.all()
AttributeError: 'function' object has no attribute 'all'
2019-10-31 12:43:59,092 INFO: Microblog startup [in C:\Users\cbeni\AppData\Roaming\SPB_Data\example\flask-microblog\app\__init__.py:42]
2019-10-31 12:52:36,168 INFO: Microblog startup [in C:\Users\cbeni\AppData\Roaming\SPB_Data\example\flask-microblog\app\__init__.py:42]
2019-10-31 12:52:59,308 INFO: Microblog startup [in C:\Users\cbeni\AppData\Roaming\SPB_Data\example\flask-microblog\app\__init__.py:42]
2019-11-04 10:51:27,808 INFO: Microblog startup [in C:\Users\cbeni\AppData\Roaming\SPB_Data\example\flask-microblog\app\__init__.py:42]
2019-11-04 10:56:58,219 INFO: Microblog startup [in C:\Users\cbeni\AppData\Roaming\SPB_Data\example\flask-microblog\app\__init__.py:42]
2019-11-04 10:58:01,529 INFO: Microblog startup [in C:\Users\cbeni\AppData\Roaming\SPB_Data\example\flask-microblog\app\__init__.py:42]
